<?xml version="1.0" encoding="UTF-8"?>
<testsuite name="com.baeum.jwt.JwtUtilTest" tests="2" skipped="0" failures="0" errors="0" timestamp="2026-06-25T00:15:51.428Z" hostname="DESKTOP-6MBGUCR" time="0.37">
  <properties/>
  <testcase name="rejectsInvalidToken()" classname="com.baeum.jwt.JwtUtilTest" time="0.288"/>
  <testcase name="generatesAndParsesToken()" classname="com.baeum.jwt.JwtUtilTest" time="0.082"/>
  <system-out><![CDATA[]]></system-out>
  <system-err><![CDATA[]]></system-err>
</testsuite>
