<?xml version="1.0" encoding="UTF-8"?>
<testsuite name="com.baeum.util.AuthUtilTest" tests="2" skipped="0" failures="0" errors="0" timestamp="2026-06-24T09:42:16.308Z" hostname="DESKTOP-6MBGUCR" time="0.01">
  <properties/>
  <testcase name="rejectsUnauthenticatedRequest()" classname="com.baeum.util.AuthUtilTest" time="0.006"/>
  <testcase name="returnsAuthenticatedUserId()" classname="com.baeum.util.AuthUtilTest" time="0.003"/>
  <system-out><![CDATA[]]></system-out>
  <system-err><![CDATA[]]></system-err>
</testsuite>
