<?xml version="1.0" encoding="UTF-8"?>
<testsuite name="com.baeum.util.AuthUtilTest" tests="2" skipped="0" failures="0" errors="0" timestamp="2026-06-25T00:15:53.216Z" hostname="DESKTOP-6MBGUCR" time="0.012">
  <properties/>
  <testcase name="rejectsUnauthenticatedRequest()" classname="com.baeum.util.AuthUtilTest" time="0.006"/>
  <testcase name="returnsAuthenticatedUserId()" classname="com.baeum.util.AuthUtilTest" time="0.005"/>
  <system-out><![CDATA[]]></system-out>
  <system-err><![CDATA[]]></system-err>
</testsuite>
