<?xml version="1.0" encoding="UTF-8"?>
<testsuite name="com.baeum.jwt.JwtUtilTest" tests="2" skipped="0" failures="0" errors="0" timestamp="2026-06-24T09:42:15.793Z" hostname="DESKTOP-6MBGUCR" time="0.506">
  <properties/>
  <testcase name="rejectsInvalidToken()" classname="com.baeum.jwt.JwtUtilTest" time="0.421"/>
  <testcase name="generatesAndParsesToken()" classname="com.baeum.jwt.JwtUtilTest" time="0.084"/>
  <system-out><![CDATA[]]></system-out>
  <system-err><![CDATA[]]></system-err>
</testsuite>
